\BOOKMARK [1][-]{section.1}{\376\377\176\352\213\272}{}% 1
\BOOKMARK [2][-]{subsection.1.1}{\376\377\170\024\172\166\200\314\146\157}{section.1}% 2
\BOOKMARK [2][-]{subsection.1.2}{\376\377\213\272\145\207\166\204\116\073\211\201\215\041\163\056}{section.1}% 3
\BOOKMARK [2][-]{subsection.1.3}{\376\377\127\372\170\100\213\260\123\367\211\304\133\232}{section.1}% 4
\BOOKMARK [2][-]{subsection.1.4}{\376\377\213\272\145\207\166\204\176\323\147\204\133\211\143\222}{section.1}% 5
\BOOKMARK [1][-]{section.2}{\376\377\127\372\116\216\147\011\226\120\153\041\162\354\172\313\140\047\166\204\147\204\220\040}{}% 6
\BOOKMARK [2][-]{subsection.2.1}{\376\377\116\012\165\114\166\204\213\301\146\016}{section.2}% 7
\BOOKMARK [2][-]{subsection.2.2}{\376\377\116\013\165\114\166\204\213\301\146\016}{section.2}% 8
\BOOKMARK [2][-]{subsection.2.3}{\376\377\226\217\147\072\116\377\134\004\124\310\136\014\145\317}{section.2}% 9
\BOOKMARK [2][-]{subsection.2.4}{\376\377\140\073\176\323}{section.2}% 10
\BOOKMARK [1][-]{section.3}{\376\377\121\167\147\011\147\000\117\030\171\315\133\120\225\177\136\246\166\204\147\204\220\040}{}% 11
\BOOKMARK [2][-]{subsection.3.1}{\376\377\213\260\123\367\176\246\133\232\116\016\127\372\147\054\164\006\213\272}{section.3}% 12
\BOOKMARK [2][-]{subsection.3.2}{\376\377\145\271\154\325\151\202\217\360}{section.3}% 13
\BOOKMARK [2][-]{subsection.3.3}{\376\377\121\167\117\123\147\204\220\040\116\016\213\301\146\016}{section.3}% 14
\BOOKMARK [2][-]{subsection.3.4}{\376\377\137\200\000\040\000k\000-\147\000\134\017\124\310\136\014\145\317\166\204\142\151\134\125}{section.3}% 15
\BOOKMARK [2][-]{subsection.3.5}{\376\377\140\073\176\323}{section.3}% 16
\BOOKMARK [1][-]{section.4}{\376\377\226\217\147\072\140\047\143\320\123\326\126\150}{}% 17
\BOOKMARK [2][-]{subsection.4.1}{\376\377\136\046\147\011\162\171\153\212\140\047\215\050\166\204\143\320\123\326\126\150}{section.4}% 18
\BOOKMARK [2][-]{subsection.4.2}{\376\377\116\130\154\325\213\357\135\356\143\320\123\326\126\150\166\204\116\013\165\114\122\006\147\220}{section.4}% 19
\BOOKMARK [2][-]{subsection.4.3}{\376\377\140\073\176\323}{section.4}% 20
\BOOKMARK [1][-]{section.5}{\376\377\140\073\176\323\116\016\134\125\147\033}{}% 21
\BOOKMARK [2][-]{subsection.5.1}{\376\377\147\054\145\207\135\345\117\134\140\073\176\323}{section.5}% 22
\BOOKMARK [2][-]{subsection.5.2}{\376\377\213\250\213\272\116\016\134\125\147\033}{section.5}% 23
\BOOKMARK [1][-]{section*.15}{\376\377\123\302\200\003\145\207\163\056}{}% 24
\BOOKMARK [1][-]{appendix.A}{\376\377\173\054\0003\172\340\000\040\116\055\166\204\167\001\165\145\213\241\173\227}{}% 25
\BOOKMARK [1][-]{appendix.B}{\376\377\000l\000e\000m\000:\000e\000x\000t\000r\000a\000c\000t\000o\000r\000u\000n\000i\000f\000\040\166\204\213\346\176\306\213\301\146\016}{}% 26
\BOOKMARK [1][-]{section*.23}{\376\377\201\364\214\042}{}% 27
